<?xml version="1.0" encoding="UTF-8"?>
<testsuite xmlns:xsi="http://www.w3.org/2001/XMLSchema-instance" xsi:noNamespaceSchemaLocation="https://maven.apache.org/surefire/maven-surefire-plugin/xsd/surefire-test-report.xsd" name="ru.miroshka.market.MarketCoreApplicationTests" time="0.187" tests="1" errors="1" skipped="0" failures="0">
  <properties>
[...]
</properties>
  <testcase name="ru.miroshka.market.MarketCoreApplicationTests" classname="ru.miroshka.market.MarketCoreApplicationTests" time="0.186">
    <error message="Unable to find a @SpringBootConfiguration, you need to use @ContextConfiguration or @SpringBootTest(classes=...) with your test" type="java.lang.IllegalStateException">java.lang.IllegalStateException: Unable to find a @SpringBootConfiguration, you need to use @ContextConfiguration or @SpringBootTest(classes=...) with your test
</error>
    <system-out><![CDATA[01:40:24.670 [main] DEBUG org.springframework.test.context.BootstrapUtils - Instantiating CacheAwareContextLoaderDelegate from class [org.springframework.test.context.cache.DefaultCacheAwareContextLoaderDelegate]
01:40:24.680 [main] DEBUG org.springframework.test.context.BootstrapUtils - Instantiating BootstrapContext using constructor [public org.springframework.test.context.support.DefaultBootstrapContext(java.lang.Class,org.springframework.test.context.CacheAwareContextLoaderDelegate)]
01:40:24.713 [main] DEBUG org.springframework.test.context.BootstrapUtils - Instantiating TestContextBootstrapper for test class [ru.miroshka.market.MarketCoreApplicationTests] from class [org.springframework.boot.test.context.SpringBootTestContextBootstrapper]
01:40:24.722 [main] INFO org.springframework.boot.test.context.SpringBootTestContextBootstrapper - Neither @ContextConfiguration nor @ContextHierarchy found for test class [ru.miroshka.market.MarketCoreApplicationTests], using SpringBootContextLoader
01:40:24.726 [main] DEBUG org.springframework.test.context.support.AbstractContextLoader - Did not detect default resource location for test class [ru.miroshka.market.MarketCoreApplicationTests]: class path resource [ru/miroshka/market/MarketCoreApplicationTests-context.xml] does not exist
01:40:24.726 [main] DEBUG org.springframework.test.context.support.AbstractContextLoader - Did not detect default resource location for test class [ru.miroshka.market.MarketCoreApplicationTests]: class path resource [ru/miroshka/market/MarketCoreApplicationTestsContext.groovy] does not exist
01:40:24.726 [main] INFO org.springframework.test.context.support.AbstractContextLoader - Could not detect default resource locations for test class [ru.miroshka.market.MarketCoreApplicationTests]: no resource found for suffixes {-context.xml, Context.groovy}.
01:40:24.727 [main] INFO org.springframework.test.context.support.AnnotationConfigContextLoaderUtils - Could not detect default configuration classes for test class [ru.miroshka.market.MarketCoreApplicationTests]: MarketCoreApplicationTests does not declare any static, non-private, non-final, nested classes annotated with @Configuration.
01:40:24.761 [main] DEBUG org.springframework.test.context.support.ActiveProfilesUtils - Could not find an 'annotation declaring class' for annotation type [org.springframework.test.context.ActiveProfiles] and class [ru.miroshka.market.MarketCoreApplicationTests]
]]></system-out>
  </testcase>
</testsuite>